2022-02-28 16:51:25,579 - Chart - INFO - [Process 6 : get_monthly_post_chart has runned successfully]
2022-02-28 16:51:25,678 - Chart - INFO - [Process 1 : get_yoy_dropdown_chart has runned successfully]
2022-02-28 16:51:25,726 - Chart - INFO - [Process 2 : get_yoy_multipleselect_chart has runned successfully]
2022-02-28 16:51:25,765 - Chart - INFO - [Process 3 : get_cagr_dropdown_chart has runned successfully]
2022-02-28 16:51:25,868 - Chart - INFO - [Process 4 : get_cagr_years_chart has runned successfully]
2022-02-28 16:51:25,906 - Chart - INFO - [Process 5 : get_cagr_grouped_chart has runned successfully]
2022-03-05 18:56:52,375 - Chart - INFO - [Process 6 : get_monthly_post_chart has runned successfully]
2022-03-05 18:56:52,518 - Chart - INFO - [Process 1 : get_yoy_dropdown_chart has runned successfully]
2022-03-05 18:56:52,575 - Chart - INFO - [Process 2 : get_yoy_multipleselect_chart has runned successfully]
2022-03-05 18:56:52,617 - Chart - INFO - [Process 3 : get_cagr_dropdown_chart has runned successfully]
2022-03-05 18:56:52,781 - Chart - INFO - [Process 4 : get_cagr_years_chart has runned successfully]
2022-03-05 18:56:52,821 - Chart - INFO - [Process 5 : get_cagr_grouped_chart has runned successfully]
2022-06-11 14:09:51,414 - Chart - INFO - [Process 6 : get_monthly_post_chart has runned successfully]
2022-06-11 14:09:51,644 - Chart - INFO - [Process 1 : get_yoy_dropdown_chart has runned successfully]
2022-06-11 14:09:51,713 - Chart - INFO - [Process 2 : get_yoy_multipleselect_chart has runned successfully]
2022-06-11 14:09:51,827 - Chart - INFO - [Process 3 : get_cagr_dropdown_chart has runned successfully]
2022-06-11 14:09:52,123 - Chart - INFO - [Process 4 : get_cagr_years_chart has runned successfully]
2022-06-11 14:09:52,170 - Chart - INFO - [Process 5 : get_cagr_grouped_chart has runned successfully]
2022-06-11 14:11:05,953 - Chart - INFO - [Process 6 : get_monthly_post_chart has runned successfully]
2022-06-11 14:11:06,356 - Chart - INFO - [Process 1 : get_yoy_dropdown_chart has runned successfully]
2022-06-11 14:11:06,667 - Chart - INFO - [Process 2 : get_yoy_multipleselect_chart has runned successfully]
2022-06-11 14:11:06,810 - Chart - INFO - [Process 3 : get_cagr_dropdown_chart has runned successfully]
2022-06-11 14:11:07,090 - Chart - INFO - [Process 4 : get_cagr_years_chart has runned successfully]
2022-06-11 14:11:07,252 - Chart - INFO - [Process 5 : get_cagr_grouped_chart has runned successfully]
2022-06-11 14:12:17,079 - Chart - INFO - [Process 6 : get_monthly_post_chart has runned successfully]
2022-06-11 14:12:17,322 - Chart - INFO - [Process 1 : get_yoy_dropdown_chart has runned successfully]
2022-06-11 14:12:17,505 - Chart - INFO - [Process 2 : get_yoy_multipleselect_chart has runned successfully]
2022-06-11 14:12:17,640 - Chart - INFO - [Process 3 : get_cagr_dropdown_chart has runned successfully]
2022-06-11 14:12:17,790 - Chart - INFO - [Process 4 : get_cagr_years_chart has runned successfully]
2022-06-11 14:12:17,926 - Chart - INFO - [Process 5 : get_cagr_grouped_chart has runned successfully]
2022-07-09 12:45:24,623 - Chart - INFO - [Process 6 : get_monthly_post_chart has runned successfully]
2022-07-09 12:45:25,337 - Chart - INFO - [Process 1 : get_yoy_dropdown_chart has runned successfully]
2022-07-09 12:45:25,445 - Chart - INFO - [Process 2 : get_yoy_multipleselect_chart has runned successfully]
2022-07-09 12:45:25,573 - Chart - INFO - [Process 3 : get_cagr_dropdown_chart has runned successfully]
2022-07-09 12:45:25,858 - Chart - INFO - [Process 4 : get_cagr_years_chart has runned successfully]
2022-07-09 12:45:25,896 - Chart - INFO - [Process 5 : get_cagr_grouped_chart has runned successfully]
2022-07-09 12:46:54,865 - Chart - INFO - [Process 6 : get_monthly_post_chart has runned successfully]
2022-07-09 12:46:55,187 - Chart - INFO - [Process 1 : get_yoy_dropdown_chart has runned successfully]
2022-07-09 12:46:55,386 - Chart - INFO - [Process 2 : get_yoy_multipleselect_chart has runned successfully]
2022-07-09 12:46:55,521 - Chart - INFO - [Process 3 : get_cagr_dropdown_chart has runned successfully]
2022-07-09 12:46:55,725 - Chart - INFO - [Process 4 : get_cagr_years_chart has runned successfully]
2022-07-09 12:46:55,872 - Chart - INFO - [Process 5 : get_cagr_grouped_chart has runned successfully]
2022-07-09 12:52:57,315 - Chart - INFO - [Process 6 : get_monthly_post_chart has runned successfully]
2022-07-09 12:52:57,603 - Chart - INFO - [Process 1 : get_yoy_dropdown_chart has runned successfully]
2022-07-09 12:52:57,845 - Chart - INFO - [Process 2 : get_yoy_multipleselect_chart has runned successfully]
2022-07-09 12:52:58,037 - Chart - INFO - [Process 3 : get_cagr_dropdown_chart has runned successfully]
2022-07-09 12:52:58,210 - Chart - INFO - [Process 4 : get_cagr_years_chart has runned successfully]
2022-07-09 12:52:58,341 - Chart - INFO - [Process 5 : get_cagr_grouped_chart has runned successfully]
